[0624/124942:ERROR:process_info.cc(608)] range at 0x90e2389600000000, size 0xdb fully unreadable
[0624/124942:ERROR:process_info.cc(608)] range at 0x90e238f800000000, size 0xdb fully unreadable
[0624/124942:ERROR:process_info.cc(608)] range at 0x0, size 0xdb fully unreadable
[0624/124942:WARNING:in_range_cast.h(38)] value 8776307511200 out of range
[0624/124942:WARNING:in_range_cast.h(38)] value 8776308128268 out of range
[0624/124942:WARNING:in_range_cast.h(38)] value 8776308128324 out of range
[0624/124942:WARNING:in_range_cast.h(38)] value 6367188090309032570 out of range
[0624/124942:WARNING:in_range_cast.h(38)] value 6935924450530639011 out of range
[0624/124942:WARNING:in_range_cast.h(38)] value 6901930188088675448 out of range
[0624/124942:WARNING:in_range_cast.h(38)] value 1926463443200266484 out of range
[0624/124942:WARNING:in_range_cast.h(38)] value 5768244550696815591 out of range
[0624/125401:ERROR:process_info.cc(608)] range at 0xecb538a600000000, size 0xd7 fully unreadable
[0624/125401:ERROR:process_info.cc(608)] range at 0xecb5390800000000, size 0xd7 fully unreadable
[0624/125401:ERROR:process_info.cc(608)] range at 0x0, size 0xd7 fully unreadable
[0624/125401:WARNING:in_range_cast.h(38)] value 8776307511200 out of range
[0624/125401:WARNING:in_range_cast.h(38)] value 8776308128268 out of range
[0624/125401:WARNING:in_range_cast.h(38)] value 8776308128324 out of range
[0624/125401:WARNING:in_range_cast.h(38)] value 6367188090309032570 out of range
[0624/125401:WARNING:in_range_cast.h(38)] value 6935924450530639011 out of range
[0624/125401:WARNING:in_range_cast.h(38)] value 6901930188088675448 out of range
[0624/125401:WARNING:in_range_cast.h(38)] value 1926463443200266484 out of range
[0624/125401:WARNING:in_range_cast.h(38)] value 5768244550696815591 out of range
[0624/133359:ERROR:process_info.cc(608)] range at 0xec6f38aa00000000, size 0xee fully unreadable
[0624/133359:ERROR:process_info.cc(608)] range at 0xec6f390c00000000, size 0xee fully unreadable
[0624/133359:ERROR:process_info.cc(608)] range at 0x0, size 0xee fully unreadable
[0624/133359:WARNING:in_range_cast.h(38)] value 8776307511200 out of range
[0624/133359:WARNING:in_range_cast.h(38)] value 8776308128268 out of range
[0624/133359:WARNING:in_range_cast.h(38)] value 8776308128324 out of range
[0624/133359:WARNING:in_range_cast.h(38)] value 6367188090309032570 out of range
[0624/133359:WARNING:in_range_cast.h(38)] value 6935924450530639011 out of range
[0624/133359:WARNING:in_range_cast.h(38)] value 6901930188088675448 out of range
[0624/133359:WARNING:in_range_cast.h(38)] value 1926463443200266484 out of range
[0624/133359:WARNING:in_range_cast.h(38)] value 5768244550696815591 out of range
[0624/134324:ERROR:process_info.cc(608)] range at 0xad2738aa00000000, size 0x6b fully unreadable
[0624/134324:ERROR:process_info.cc(608)] range at 0xad27390c00000000, size 0x6b fully unreadable
[0624/134324:ERROR:process_info.cc(608)] range at 0x0, size 0x6b fully unreadable
[0624/134324:WARNING:in_range_cast.h(38)] value 8776307511200 out of range
[0624/134324:WARNING:in_range_cast.h(38)] value 8776308128268 out of range
[0624/134324:WARNING:in_range_cast.h(38)] value 8776308128324 out of range
[0624/134324:WARNING:in_range_cast.h(38)] value 6367188090309032570 out of range
[0624/134324:WARNING:in_range_cast.h(38)] value 6935924450530639011 out of range
[0624/134324:WARNING:in_range_cast.h(38)] value 6901930188088675448 out of range
[0624/134324:WARNING:in_range_cast.h(38)] value 1926463443200266484 out of range
[0624/134324:WARNING:in_range_cast.h(38)] value 5768244550696815591 out of range
[0624/134538:ERROR:process_info.cc(608)] range at 0x2e5338a600000000, size 0x7e fully unreadable
[0624/134538:ERROR:process_info.cc(608)] range at 0x2e53390800000000, size 0x7e fully unreadable
[0624/134538:ERROR:process_info.cc(608)] range at 0x0, size 0x7e fully unreadable
[0624/134538:WARNING:in_range_cast.h(38)] value 8776307511200 out of range
[0624/134538:WARNING:in_range_cast.h(38)] value 8776308128268 out of range
[0624/134538:WARNING:in_range_cast.h(38)] value 8776308128324 out of range
[0624/134538:WARNING:in_range_cast.h(38)] value 6367188090309032570 out of range
[0624/134538:WARNING:in_range_cast.h(38)] value 6935924450530639011 out of range
[0624/134538:WARNING:in_range_cast.h(38)] value 6901930188088675448 out of range
[0624/134538:WARNING:in_range_cast.h(38)] value 1926463443200266484 out of range
[0624/134538:WARNING:in_range_cast.h(38)] value 5768244550696815591 out of range
[0624/135026:ERROR:process_info.cc(608)] range at 0xd2e038a800000000, size 0xaa fully unreadable
[0624/135026:ERROR:process_info.cc(608)] range at 0xd2e0390a00000000, size 0xaa fully unreadable
[0624/135026:ERROR:process_info.cc(608)] range at 0x0, size 0xaa fully unreadable
[0624/135026:WARNING:in_range_cast.h(38)] value 8776307511200 out of range
[0624/135026:WARNING:in_range_cast.h(38)] value 8776308128268 out of range
[0624/135026:WARNING:in_range_cast.h(38)] value 8776308128324 out of range
[0624/135026:WARNING:in_range_cast.h(38)] value 6367188090309032570 out of range
[0624/135026:WARNING:in_range_cast.h(38)] value 6935924450530639011 out of range
[0624/135026:WARNING:in_range_cast.h(38)] value 6901930188088675448 out of range
[0624/135026:WARNING:in_range_cast.h(38)] value 1926463443200266484 out of range
[0624/135026:WARNING:in_range_cast.h(38)] value 5768244550696815591 out of range
